        -:    0:Source:dominion.c
        -:    0:Graph:dominion.gcno
        -:    0:Data:dominion.gcda
        -:    0:Runs:81
        -:    0:Programs:63
        -:    1:#include "dominion.h"
        -:    2:#include "dominion_helpers.h"
        -:    3:#include "rngs.h"
        -:    4:#include <stdio.h>
        -:    5:#include <math.h>
        -:    6:#include <stdlib.h>
        -:    7:
    23800:    8:int compare(const void* a, const void* b) {
    23800:    9:  if (*(int*)a > *(int*)b)
        4:   10:    return 1;
    23796:   11:  if (*(int*)a < *(int*)b)
     6350:   12:    return -1;
    17446:   13:  return 0;
        -:   14:}
        -:   15:
      151:   16:struct gameState* newGame() {
      151:   17:  struct gameState* g = malloc(sizeof(struct gameState));
      151:   18:  return g;
        -:   19:}
        -:   20:
    #####:   21:int* kingdomCards(int k1, int k2, int k3, int k4, int k5, int k6, int k7,
        -:   22:		  int k8, int k9, int k10) {
    #####:   23:  int* k = malloc(10 * sizeof(int));
    #####:   24:  k[0] = k1;
    #####:   25:  k[1] = k2;
    #####:   26:  k[2] = k3;
    #####:   27:  k[3] = k4;
    #####:   28:  k[4] = k5;
    #####:   29:  k[5] = k6;
    #####:   30:  k[6] = k7;
    #####:   31:  k[7] = k8;
    #####:   32:  k[8] = k9;
    #####:   33:  k[9] = k10;
    #####:   34:  return k;
        -:   35:}
        -:   36:
      540:   37:int initializeGame(int numPlayers, int kingdomCards[10], int randomSeed,
        -:   38:		   struct gameState *state) {
        -:   39:
        -:   40:  int i;
        -:   41:  int j;
        -:   42:  int it;			
        -:   43:  //set up random number generator
      540:   44:  SelectStream(1);
      540:   45:  PutSeed((long)randomSeed);
        -:   46:  
        -:   47:  //check number of players
      540:   48:  if (numPlayers > MAX_PLAYERS || numPlayers < 2)
        -:   49:    {
    #####:   50:      return -1;
        -:   51:    }
        -:   52:
        -:   53:  //set number of players
      540:   54:  state->numPlayers = numPlayers;
        -:   55:
        -:   56:  //check selected kingdom cards are different
     5940:   57:  for (i = 0; i < 10; i++)
        -:   58:    {
    59400:   59:      for (j = 0; j < 10; j++)
        -:   60:        {
    54000:   61:	  if (j != i && kingdomCards[j] == kingdomCards[i])
        -:   62:	    {
    #####:   63:	      return -1;
        -:   64:	    }
        -:   65:        }
        -:   66:    }
        -:   67:
        -:   68:
        -:   69:  //initialize supply
        -:   70:  ///////////////////////////////
        -:   71:
        -:   72:  //set number of Curse cards
      540:   73:  if (numPlayers == 2)
        -:   74:    {
      207:   75:      state->supplyCount[curse] = 10;
        -:   76:    }
      333:   77:  else if (numPlayers == 3)
        -:   78:    {
      160:   79:      state->supplyCount[curse] = 20;
        -:   80:    }
        -:   81:  else
        -:   82:    {
      173:   83:      state->supplyCount[curse] = 30;
        -:   84:    }
        -:   85:
        -:   86:  //set number of Victory cards
      540:   87:  if (numPlayers == 2)
        -:   88:    {
      207:   89:      state->supplyCount[estate] = 8;
      207:   90:      state->supplyCount[duchy] = 8;
      207:   91:      state->supplyCount[province] = 8;
        -:   92:    }
        -:   93:  else
        -:   94:    {
      333:   95:      state->supplyCount[estate] = 12;
      333:   96:      state->supplyCount[duchy] = 12;
      333:   97:      state->supplyCount[province] = 12;
        -:   98:    }
        -:   99:
        -:  100:  //set number of Treasure cards
      540:  101:  state->supplyCount[copper] = 60 - (7 * numPlayers);
      540:  102:  state->supplyCount[silver] = 40;
      540:  103:  state->supplyCount[gold] = 30;
        -:  104:
        -:  105:  //set number of Kingdom cards
    11340:  106:  for (i = adventurer; i <= treasure_map; i++)       	//loop all cards
        -:  107:    {
    89100:  108:      for (j = 0; j < 10; j++)           		//loop chosen cards
        -:  109:	{
    83700:  110:	  if (kingdomCards[j] == i)
        -:  111:	    {
        -:  112:	      //check if card is a 'Victory' Kingdom card
     5400:  113:	      if (kingdomCards[j] == great_hall || kingdomCards[j] == gardens)
        -:  114:		{
        4:  115:		  if (numPlayers == 2){ 
    #####:  116:		    state->supplyCount[i] = 8; 
        -:  117:		  }
        2:  118:		  else{ state->supplyCount[i] = 12; }
        -:  119:		}
        -:  120:	      else
        -:  121:		{
     5398:  122:		  state->supplyCount[i] = 10;
        -:  123:		}
     5400:  124:	      break;
        -:  125:	    }
        -:  126:	  else    //card is not in the set choosen for the game
        -:  127:	    {
    78300:  128:	      state->supplyCount[i] = -1;
        -:  129:	    }
        -:  130:	}
        -:  131:
        -:  132:    }
        -:  133:
        -:  134:  ////////////////////////
        -:  135:  //supply intilization complete
        -:  136:
        -:  137:  //set player decks
     2126:  138:  for (i = 0; i < numPlayers; i++)
        -:  139:    {
     1586:  140:      state->deckCount[i] = 0;
     6344:  141:      for (j = 0; j < 3; j++)
        -:  142:	{
     4758:  143:	  state->deck[i][j] = estate;
     4758:  144:	  state->deckCount[i]++;
        -:  145:	}
    12688:  146:      for (j = 3; j < 10; j++)
        -:  147:	{
    11102:  148:	  state->deck[i][j] = copper;
    11102:  149:	  state->deckCount[i]++;		
        -:  150:	}
        -:  151:    }
        -:  152:
        -:  153:  //shuffle player decks
     2126:  154:  for (i = 0; i < numPlayers; i++)
        -:  155:    {
     1586:  156:      if ( shuffle(i, state) < 0 )
        -:  157:	{
    #####:  158:	  return -1;
        -:  159:	}
        -:  160:    }
        -:  161:
        -:  162:  //draw player hands
     2126:  163:  for (i = 0; i < numPlayers; i++)
        -:  164:    {  
        -:  165:      //initialize hand size to zero
     1586:  166:      state->handCount[i] = 0;
     1586:  167:      state->discardCount[i] = 0;
        -:  168:      //draw 5 cards
        -:  169:      // for (j = 0; j < 5; j++)
        -:  170:      //	{
        -:  171:      //	  drawCard(i, state);
        -:  172:      //	}
        -:  173:    }
        -:  174:  
        -:  175:  //set embargo tokens to 0 for all supply piles
    15120:  176:  for (i = 0; i <= treasure_map; i++)
        -:  177:    {
    14580:  178:      state->embargoTokens[i] = 0;
        -:  179:    }
        -:  180:
        -:  181:  //initialize first player's turn
      540:  182:  state->outpostPlayed = 0;
      540:  183:  state->phase = 0;
      540:  184:  state->numActions = 1;
      540:  185:  state->numBuys = 1;
      540:  186:  state->playedCardCount = 0;
      540:  187:  state->whoseTurn = 0;
      540:  188:  state->handCount[state->whoseTurn] = 0;
        -:  189:  //int it; move to top
        -:  190:
        -:  191:  //Moved draw cards to here, only drawing at the start of a turn
     3240:  192:  for (it = 0; it < 5; it++){
     2700:  193:    drawCard(state->whoseTurn, state);
        -:  194:  }
        -:  195:
      540:  196:  updateCoins(state->whoseTurn, state, 0);
        -:  197:
      540:  198:  return 0;
        -:  199:}
        -:  200:
     2028:  201:int shuffle(int player, struct gameState *state) {
        -:  202: 
        -:  203:
        -:  204:  int newDeck[MAX_DECK];
     2028:  205:  int newDeckPos = 0;
        -:  206:  int card;
        -:  207:  int i;
        -:  208:
     2028:  209:  if (state->deckCount[player] < 1)
      296:  210:    return -1;
     1732:  211:  qsort ((void*)(state->deck[player]), state->deckCount[player], sizeof(int), compare); 
        -:  212:  /* SORT CARDS IN DECK TO ENSURE DETERMINISM! */
        -:  213:
    19476:  214:  while (state->deckCount[player] > 0) {
    16012:  215:    card = floor(Random() * state->deckCount[player]);
    16012:  216:    newDeck[newDeckPos] = state->deck[player][card];
    16012:  217:    newDeckPos++;
    53367:  218:    for (i = card; i < state->deckCount[player]-1; i++) {
    37355:  219:      state->deck[player][i] = state->deck[player][i+1];
        -:  220:    }
    16012:  221:    state->deckCount[player]--;
        -:  222:  }
    17744:  223:  for (i = 0; i < newDeckPos; i++) {
    16012:  224:    state->deck[player][i] = newDeck[i];
    16012:  225:    state->deckCount[player]++;
        -:  226:  }
        -:  227:
     1732:  228:  return 0;
        -:  229:}
        -:  230:
    #####:  231:int playCard(int handPos, int choice1, int choice2, int choice3, struct gameState *state) 
        -:  232:{	
        -:  233:  int card;
    #####:  234:  int coin_bonus = 0; 		//tracks coins gain from actions
        -:  235:
        -:  236:  //check if it is the right phase
    #####:  237:  if (state->phase != 0)
        -:  238:    {
    #####:  239:      return -1;
        -:  240:    }
        -:  241:	
        -:  242:  //check if player has enough actions
    #####:  243:  if ( state->numActions < 1 )
        -:  244:    {
    #####:  245:      return -1;
        -:  246:    }
        -:  247:	
        -:  248:  //get card played
    #####:  249:  card = handCard(handPos, state);
        -:  250:	
        -:  251:  //check if selected card is an action
    #####:  252:  if ( card < adventurer || card > treasure_map )
        -:  253:    {
    #####:  254:      return -1;
        -:  255:    }
        -:  256:	
        -:  257:  //play card
    #####:  258:  if ( cardEffect(card, choice1, choice2, choice3, state, handPos, &coin_bonus) < 0 )
        -:  259:    {
    #####:  260:      return -1;
        -:  261:    }
        -:  262:	
        -:  263:  //reduce number of actions
    #####:  264:  state->numActions--;
        -:  265:
        -:  266:  //update coins (Treasure cards may be added with card draws)
    #####:  267:  updateCoins(state->whoseTurn, state, coin_bonus);
        -:  268:	
    #####:  269:  return 0;
        -:  270:}
        -:  271:
    #####:  272:int buyCard(int supplyPos, struct gameState *state) {
        -:  273:  int who;
        -:  274:  if (DEBUG){
        -:  275:    printf("Entering buyCard...\n");
        -:  276:  }
        -:  277:
        -:  278:  // I don't know what to do about the phase thing.
        -:  279:
    #####:  280:  who = state->whoseTurn;
        -:  281:
    #####:  282:  if (state->numBuys < 1){
        -:  283:    if (DEBUG)
        -:  284:      printf("You do not have any buys left\n");
    #####:  285:    return -1;
    #####:  286:  } else if (supplyCount(supplyPos, state) <1){
        -:  287:    if (DEBUG)
        -:  288:      printf("There are not any of that type of card left\n");
    #####:  289:    return -1;
    #####:  290:  } else if (state->coins < getCost(supplyPos)){
        -:  291:    if (DEBUG) 
        -:  292:      printf("You do not have enough money to buy that. You have %d coins.\n", state->coins);
    #####:  293:    return -1;
        -:  294:  } else {
    #####:  295:    state->phase=1;
        -:  296:    //state->supplyCount[supplyPos]--;
    #####:  297:    gainCard(supplyPos, state, 0, who); //card goes in discard, this might be wrong.. (2 means goes into hand, 0 goes into discard)
        -:  298:  
    #####:  299:    state->coins = (state->coins) - (getCost(supplyPos));
    #####:  300:    state->numBuys--;
        -:  301:    if (DEBUG)
        -:  302:      printf("You bought card number %d for %d coins. You now have %d buys and %d coins.\n", supplyPos, getCost(supplyPos), state->numBuys, state->coins);
        -:  303:  }
        -:  304:
        -:  305:  //state->discard[who][state->discardCount[who]] = supplyPos;
        -:  306:  //state->discardCount[who]++;
        -:  307:    
    #####:  308:  return 0;
        -:  309:}
        -:  310:
    #####:  311:int numHandCards(struct gameState *state) {
    #####:  312:  return state->handCount[ whoseTurn(state) ];
        -:  313:}
        -:  314:
    #####:  315:int handCard(int handPos, struct gameState *state) {
    #####:  316:  int currentPlayer = whoseTurn(state);
    #####:  317:  return state->hand[currentPlayer][handPos];
        -:  318:}
        -:  319:
     1690:  320:int supplyCount(int card, struct gameState *state) {
     1690:  321:  return state->supplyCount[card];
        -:  322:}
        -:  323:
       18:  324:int fullDeckCount(int player, int card, struct gameState *state) {
        -:  325:  int i;
       18:  326:  int count = 0;
        -:  327:
      198:  328:  for (i = 0; i < state->deckCount[player]; i++)
        -:  329:    {
      180:  330:      if (state->deck[player][i] == card) count++;
        -:  331:    }
        -:  332:
      198:  333:  for (i = 0; i < state->handCount[player]; i++)
        -:  334:    {
      180:  335:      if (state->hand[player][i] == card) count++;
        -:  336:    }
        -:  337:
      198:  338:  for (i = 0; i < state->discardCount[player]; i++)
        -:  339:    {
      180:  340:      if (state->discard[player][i] == card) count++;
        -:  341:    }
        -:  342:
       18:  343:  return count;
        -:  344:}
        -:  345:
      716:  346:int whoseTurn(struct gameState *state) {
      716:  347:  return state->whoseTurn;
        -:  348:}
        -:  349:
        6:  350:int endTurn(struct gameState *state) {
        -:  351:  int k;
        -:  352:  int i;
        6:  353:  int currentPlayer = whoseTurn(state);
        -:  354:  
        -:  355:  //Discard hand
       36:  356:  for (i = 0; i < state->handCount[currentPlayer]; i++){
       30:  357:    state->discard[currentPlayer][state->discardCount[currentPlayer]++] = state->hand[currentPlayer][i];//Discard
       30:  358:    state->hand[currentPlayer][i] = -1;//Set card to -1
        -:  359:  }
        6:  360:  state->handCount[currentPlayer] = 0;//Reset hand count
        -:  361:    
        -:  362:  //Code for determining the player
        6:  363:  if (currentPlayer < (state->numPlayers - 1)){ 
        3:  364:    state->whoseTurn = currentPlayer + 1;//Still safe to increment
        -:  365:  }
        -:  366:  else{
        3:  367:    state->whoseTurn = 0;//Max player has been reached, loop back around to player 1
        -:  368:  }
        -:  369:
        6:  370:  state->outpostPlayed = 0;
        6:  371:  state->phase = 0;
        6:  372:  state->numActions = 1;
        6:  373:  state->coins = 0;
        6:  374:  state->numBuys = 1;
        6:  375:  state->playedCardCount = 0;
        6:  376:  state->handCount[state->whoseTurn] = 0;
        -:  377:
        -:  378:  //int k; move to top
        -:  379:  //Next player draws hand
       36:  380:  for (k = 0; k < 5; k++){
       30:  381:    drawCard(state->whoseTurn, state);//Draw a card
        -:  382:  }
        -:  383:
        -:  384:  //Update money
        6:  385:  updateCoins(state->whoseTurn, state , 0);
        -:  386:
        6:  387:  return 0;
        -:  388:}
        -:  389:
       15:  390:int isGameOver(struct gameState *state) {
        -:  391:  int i;
        -:  392:  int j;
        -:  393:	
        -:  394:  //if stack of Province cards is empty, the game ends
       15:  395:  if (state->supplyCount[province] == 0)
        -:  396:    {
        6:  397:      return 1;
        -:  398:    }
        -:  399:
        -:  400:  //if three supply pile are at 0, the game ends
        9:  401:  j = 0;
      234:  402:  for (i = 0; i < 25; i++)
        -:  403:    {
      225:  404:      if (state->supplyCount[i] == 0)
        -:  405:	{
       18:  406:	  j++;
        -:  407:	}
        -:  408:    }
        9:  409:  if ( j >= 3)
        -:  410:    {
        6:  411:      return 1;
        -:  412:    }
        -:  413:
        3:  414:  return 0;
        -:  415:}
        -:  416:
    #####:  417:int scoreFor (int player, struct gameState *state) {
        -:  418:
        -:  419:  int i;
    #####:  420:  int score = 0;
        -:  421:  //score from hand
    #####:  422:  for (i = 0; i < state->handCount[player]; i++)
        -:  423:    {
    #####:  424:      if (state->hand[player][i] == curse) { score = score - 1; };
    #####:  425:      if (state->hand[player][i] == estate) { score = score + 1; };
    #####:  426:      if (state->hand[player][i] == duchy) { score = score + 3; };
    #####:  427:      if (state->hand[player][i] == province) { score = score + 6; };
    #####:  428:      if (state->hand[player][i] == great_hall) { score = score + 1; };
    #####:  429:      if (state->hand[player][i] == gardens) { score = score + ( fullDeckCount(player, 0, state) / 10 ); };
        -:  430:    }
        -:  431:
        -:  432:  //score from discard
    #####:  433:  for (i = 0; i < state->discardCount[player]; i++)
        -:  434:    {
    #####:  435:      if (state->discard[player][i] == curse) { score = score - 1; };
    #####:  436:      if (state->discard[player][i] == estate) { score = score + 1; };
    #####:  437:      if (state->discard[player][i] == duchy) { score = score + 3; };
    #####:  438:      if (state->discard[player][i] == province) { score = score + 6; };
    #####:  439:      if (state->discard[player][i] == great_hall) { score = score + 1; };
    #####:  440:      if (state->discard[player][i] == gardens) { score = score + ( fullDeckCount(player, 0, state) / 10 ); };
        -:  441:    }
        -:  442:
        -:  443:  //score from deck
    #####:  444:  for (i = 0; i < state->discardCount[player]; i++)
        -:  445:    {
    #####:  446:      if (state->deck[player][i] == curse) { score = score - 1; };
    #####:  447:      if (state->deck[player][i] == estate) { score = score + 1; };
    #####:  448:      if (state->deck[player][i] == duchy) { score = score + 3; };
    #####:  449:      if (state->deck[player][i] == province) { score = score + 6; };
    #####:  450:      if (state->deck[player][i] == great_hall) { score = score + 1; };
    #####:  451:      if (state->deck[player][i] == gardens) { score = score + ( fullDeckCount(player, 0, state) / 10 ); };
        -:  452:    }
        -:  453:
    #####:  454:  return score;
        -:  455:}
        -:  456:
    #####:  457:int getWinners(int players[MAX_PLAYERS], struct gameState *state) {
        -:  458:  int i;	
        -:  459:  int j;
        -:  460:  int highScore;
        -:  461:  int currentPlayer;
        -:  462:
        -:  463:  //get score for each player
    #####:  464:  for (i = 0; i < MAX_PLAYERS; i++)
        -:  465:    {
        -:  466:      //set unused player scores to -9999
    #####:  467:      if (i >= state->numPlayers)
        -:  468:	{
    #####:  469:	  players[i] = -9999;
        -:  470:	}
        -:  471:      else
        -:  472:	{
    #####:  473:	  players[i] = scoreFor (i, state);
        -:  474:	}
        -:  475:    }
        -:  476:
        -:  477:  //find highest score
    #####:  478:  j = 0;
    #####:  479:  for (i = 0; i < MAX_PLAYERS; i++)
        -:  480:    {
    #####:  481:      if (players[i] > players[j])
        -:  482:	{
    #####:  483:	  j = i;
        -:  484:	}
        -:  485:    }
    #####:  486:  highScore = players[j];
        -:  487:
        -:  488:  //add 1 to players who had less turns
    #####:  489:  currentPlayer = whoseTurn(state);
    #####:  490:  for (i = 0; i < MAX_PLAYERS; i++)
        -:  491:    {
    #####:  492:      if ( players[i] == highScore && i > currentPlayer )
        -:  493:	{
    #####:  494:	  players[i]++;
        -:  495:	}
        -:  496:    }
        -:  497:
        -:  498:  //find new highest score
    #####:  499:  j = 0;
    #####:  500:  for (i = 0; i < MAX_PLAYERS; i++)
        -:  501:    {
    #####:  502:      if ( players[i] > players[j] )
        -:  503:	{
    #####:  504:	  j = i;
        -:  505:	}
        -:  506:    }
    #####:  507:  highScore = players[j];
        -:  508:
        -:  509:  //set winners in array to 1 and rest to 0
    #####:  510:  for (i = 0; i < MAX_PLAYERS; i++)
        -:  511:    {
    #####:  512:      if ( players[i] == highScore )
        -:  513:	{
    #####:  514:	  players[i] = 1;
        -:  515:	}
        -:  516:      else
        -:  517:	{
    #####:  518:	  players[i] = 0;
        -:  519:	}
        -:  520:    }
        -:  521:
    #####:  522:  return 0;
        -:  523:}
        -:  524:
     5368:  525:int drawCard(int player, struct gameState *state)
        -:  526:{	int count;
        -:  527:  int deckCounter;
     5368:  528:  if (state->deckCount[player] <= 0){//Deck is empty
        -:  529:    
        -:  530:    //Step 1 Shuffle the discard pile back into a deck
        -:  531:    int i;
        -:  532:    //Move discard to deck
      590:  533:    for (i = 0; i < state->discardCount[player];i++){
      152:  534:      state->deck[player][i] = state->discard[player][i];
      152:  535:      state->discard[player][i] = -1;
        -:  536:    }
        -:  537:
      438:  538:    state->deckCount[player] = state->discardCount[player];
      438:  539:    state->discardCount[player] = 0;//Reset discard
        -:  540:
        -:  541:    //Shufffle the deck
      438:  542:    shuffle(player, state);//Shuffle the deck up and make it so that we can draw
        -:  543:   
        -:  544:    if (DEBUG){//Debug statements
        -:  545:      printf("Deck count now: %d\n", state->deckCount[player]);
        -:  546:    }
        -:  547:    
      438:  548:    state->discardCount[player] = 0;
        -:  549:
        -:  550:    //Step 2 Draw Card
      438:  551:    count = state->handCount[player];//Get current player's hand count
        -:  552:    
        -:  553:    if (DEBUG){//Debug statements
        -:  554:      printf("Current hand count: %d\n", count);
        -:  555:    }
        -:  556:    
      438:  557:    deckCounter = state->deckCount[player];//Create a holder for the deck count
        -:  558:
      438:  559:    if (deckCounter == 0)
      292:  560:      return -1;
        -:  561:
      146:  562:    state->hand[player][count] = state->deck[player][deckCounter - 1];//Add card to hand
      146:  563:    state->deckCount[player]--;
      146:  564:    state->handCount[player]++;//Increment hand count
        -:  565:  }
        -:  566:
        -:  567:  else{
     4930:  568:    int count = state->handCount[player];//Get current hand count for player
        -:  569:    int deckCounter;
        -:  570:    if (DEBUG){//Debug statements
        -:  571:      printf("Current hand count: %d\n", count);
        -:  572:    }
        -:  573:
     4930:  574:    deckCounter = state->deckCount[player];//Create holder for the deck count
     4930:  575:    state->hand[player][count] = state->deck[player][deckCounter - 1];//Add card to the hand
     4930:  576:    state->deckCount[player]--;
     4930:  577:    state->handCount[player]++;//Increment hand count
        -:  578:  }
        -:  579:
     5076:  580:  return 0;
        -:  581:}
        -:  582:
      185:  583:int getCost(int cardNumber)
        -:  584:{
      185:  585:  switch( cardNumber ) 
        -:  586:    {
        -:  587:    case curse:
      185:  588:      return 0;
        -:  589:    case estate:
    #####:  590:      return 2;
        -:  591:    case duchy:
    #####:  592:      return 5;
        -:  593:    case province:
    #####:  594:      return 8;
        -:  595:    case copper:
    #####:  596:      return 0;
        -:  597:    case silver:
    #####:  598:      return 3;
        -:  599:    case gold:
    #####:  600:      return 6;
        -:  601:    case adventurer:
    #####:  602:      return 6;
        -:  603:    case council_room:
    #####:  604:      return 5;
        -:  605:    case feast:
    #####:  606:      return 4;
        -:  607:    case gardens:
    #####:  608:      return 4;
        -:  609:    case mine:
    #####:  610:      return 5;
        -:  611:    case remodel:
    #####:  612:      return 4;
        -:  613:    case smithy:
    #####:  614:      return 4;
        -:  615:    case village:
    #####:  616:      return 3;
        -:  617:    case baron:
    #####:  618:      return 4;
        -:  619:    case great_hall:
    #####:  620:      return 3;
        -:  621:    case minion:
    #####:  622:      return 5;
        -:  623:    case steward:
    #####:  624:      return 3;
        -:  625:    case tribute:
    #####:  626:      return 5;
        -:  627:    case ambassador:
    #####:  628:      return 3;
        -:  629:    case cutpurse:
    #####:  630:      return 4;
        -:  631:    case embargo: 
    #####:  632:      return 2;
        -:  633:    case outpost:
    #####:  634:      return 5;
        -:  635:    case salvager:
    #####:  636:      return 4;
        -:  637:    case sea_hag:
    #####:  638:      return 4;
        -:  639:    case treasure_map:
    #####:  640:      return 4;
        -:  641:    }
        -:  642:	
    #####:  643:  return -1;
        -:  644:}
        -:  645:
      185:  646:int Adventurer(struct gameState *state, int currentPlayer, int temphand[], int z, int drawntreasure, int cardDrawn)
        -:  647:{
     1525:  648:	while (drawntreasure <= 2) {
     1155:  649:		if (state->deckCount[currentPlayer] <1) {//if the deck is empty we need to shuffle discard and add to deck
        4:  650:			shuffle(currentPlayer, state);
        -:  651:		}
     1155:  652:		drawCard(currentPlayer, state);
     1155:  653:		cardDrawn = state->hand[currentPlayer][state->handCount[currentPlayer] - 1];//top card of hand is most recently drawn card.
     1155:  654:		if (cardDrawn == copper || cardDrawn == silver || cardDrawn == gold)
      555:  655:			drawntreasure++;
        -:  656:		else {
      600:  657:			temphand[z] = cardDrawn;
      600:  658:			state->handCount[currentPlayer]--; //this should just remove the top card (the most recently drawn one).
      600:  659:			z++;
        -:  660:		}
        -:  661:	}
      970:  662:	while (z - 1 >= 0) {
      600:  663:		state->discard[currentPlayer][state->discardCount[currentPlayer]++] = temphand[z - 1]; // discard all cards in play that have been drawn
      600:  664:		z = z - 1;
        -:  665:	}
      185:  666:	return 0;
        -:  667:}
        -:  668:
        3:  669:int Smithy(int currentPlayer, struct gameState * state, int handPos)
        -:  670:{
        -:  671:	int i;
        -:  672:	//+3 Cards
        9:  673:	for (i = 1; i < 3; i++)
        -:  674:	{
        6:  675:		drawCard(currentPlayer, state);
        -:  676:	}
        -:  677:
        -:  678:	//discard card from hand
        3:  679:	discardCard(handPos, currentPlayer, state, 0);
        3:  680:	return 0;
        -:  681:
        -:  682:}
        -:  683:
      370:  684:int Village(int currentPlayer, struct gameState *state, int handPos)
        -:  685:{
        -:  686:	//+1 Card
      370:  687:	drawCard(currentPlayer, state);
        -:  688:
        -:  689:	//+2 Actions
      370:  690:	state->numActions = state->numActions - 1;
        -:  691:
        -:  692:	//discard played card from hand
      370:  693:	discardCard(handPos, currentPlayer, state, 0);
      370:  694:	return 0;
        -:  695:}
        -:  696:
      185:  697:int Council_Room(int currentPlayer, struct gameState  *state, int handPos)
        -:  698:{
        -:  699:	int i;
        -:  700:	//+4 Cards
      925:  701:	for (i = 0; i < 4; i++)
        -:  702:	{
      740:  703:		drawCard(currentPlayer, state);
        -:  704:	}
        -:  705:
        -:  706:	//+1 Buy
      185:  707:	state->numBuys++;
      185:  708:	state->numBuys++;
        -:  709:
        -:  710:	//Each other player draws a card
      736:  711:	for (i = 0; i < state->numPlayers; i++)
        -:  712:	{
      551:  713:		if (i != currentPlayer)
        -:  714:		{
      366:  715:			drawCard(i, state);
        -:  716:		}
        -:  717:	}
        -:  718:
        -:  719:	//put played card in played card pile
      185:  720:	discardCard(handPos, currentPlayer, state, 0);
        -:  721:
      185:  722:	return 0;
        -:  723:
        -:  724:}
        -:  725:
        1:  726:int Great_Hall(int currentPlayer, struct gameState *state, int handPos)
        -:  727:{
        -:  728:	//+1 Card
        1:  729:	drawCard(currentPlayer, state);
        -:  730:
        -:  731:	//+1 Actions
        1:  732:	state->numActions++;
        -:  733:
        -:  734:	//discard card from hand
        1:  735:	discardCard(handPos, currentPlayer, state, 0);
        1:  736:	return 0;
        -:  737:}
        -:  738:
        -:  739:
      710:  740:int cardEffect(int card, int choice1, int choice2, int choice3, struct gameState *state, int handPos, int *bonus)
        -:  741:{
        -:  742:  int i;
        -:  743:  int j;
        -:  744:  int k;
        -:  745:  int x;
        -:  746:  int index;
      710:  747:  int currentPlayer = whoseTurn(state);
      710:  748:  int nextPlayer = currentPlayer + 1;
        -:  749:
      710:  750:  int tributeRevealedCards[2] = {-1, -1};
        -:  751:  int temphand[MAX_HAND];// moved above the if statement
      710:  752:  int drawntreasure=0;
        -:  753:  int cardDrawn;
      710:  754:  int z = 0;// this is the counter for the temp hand
      710:  755:  if (nextPlayer > (state->numPlayers - 1)){
    #####:  756:    nextPlayer = 0;
        -:  757:  }
        -:  758:  
        -:  759:	
        -:  760:  //uses switch to select card and perform actions
      710:  761:  switch( card ) 
        -:  762:    {
        -:  763:    case adventurer:
      185:  764:		Adventurer(state, currentPlayer, temphand, z, drawntreasure, cardDrawn);// Calls Adventurer Function
        -:  765:   		
        -:  766:    case council_room:
      185:  767:		Council_Room(currentPlayer, state, handPos);// Calls Council_Room Function
        -:  768:			
        -:  769:    case feast:
        -:  770:      //gain card with cost up to 5
        -:  771:      //Backup hand
     2125:  772:      for (i = 0; i <= state->handCount[currentPlayer]; i++){
     1940:  773:	temphand[i] = state->hand[currentPlayer][i];//Backup card
     1940:  774:	state->hand[currentPlayer][i] = -1;//Set to nothing
        -:  775:      }
        -:  776:      //Backup hand
        -:  777:
        -:  778:      //Update Coins for Buy
      185:  779:      updateCoins(currentPlayer, state, 5);
      185:  780:      x = 1;//Condition to loop on
      555:  781:      while( x == 1) {//Buy one card
      185:  782:	if (supplyCount(choice1, state) <= 0){
        -:  783:	  if (DEBUG)
        -:  784:	    printf("None of that card left, sorry!\n");
        -:  785:
        -:  786:	  if (DEBUG){
        -:  787:	    printf("Cards Left: %d\n", supplyCount(choice1, state));
        -:  788:	  }
        -:  789:	}
      185:  790:	else if (state->coins < getCost(choice1)){
    #####:  791:	  printf("That card is too expensive!\n");
        -:  792:
        -:  793:	  if (DEBUG){
        -:  794:	    printf("Coins: %d < %d\n", state->coins, getCost(choice1));
        -:  795:	  }
        -:  796:	}
        -:  797:	else{
        -:  798:
        -:  799:	  if (DEBUG){
        -:  800:	    printf("Deck Count: %d\n", state->handCount[currentPlayer] + state->deckCount[currentPlayer] + state->discardCount[currentPlayer]);
        -:  801:	  }
        -:  802:
      185:  803:	  gainCard(choice1, state, 0, currentPlayer);//Gain the card
      185:  804:	  x = 0;//No more buying cards
        -:  805:
        -:  806:	  if (DEBUG){
        -:  807:	    printf("Deck Count: %d\n", state->handCount[currentPlayer] + state->deckCount[currentPlayer] + state->discardCount[currentPlayer]);
        -:  808:	  }
        -:  809:
        -:  810:	}
        -:  811:      }     
        -:  812:
        -:  813:      //Reset Hand
     2125:  814:      for (i = 0; i <= state->handCount[currentPlayer]; i++){
     1940:  815:	state->hand[currentPlayer][i] = temphand[i];
     1940:  816:	temphand[i] = -1;
        -:  817:      }
        -:  818:      //Reset Hand
        -:  819:      			
      185:  820:      return 0;
        -:  821:			
        -:  822:    case gardens:
    #####:  823:      return -1;
        -:  824:			
        -:  825:    case mine:
    #####:  826:      j = state->hand[currentPlayer][choice1];  //store card we will trash
        -:  827:
    #####:  828:      if (state->hand[currentPlayer][choice1] < copper || state->hand[currentPlayer][choice1] > gold)
        -:  829:	{
    #####:  830:	  return -1;
        -:  831:	}
        -:  832:		
    #####:  833:      if (choice2 > treasure_map || choice2 < curse)
        -:  834:	{
    #####:  835:	  return -1;
        -:  836:	}
        -:  837:
    #####:  838:      if ( (getCost(state->hand[currentPlayer][choice1]) + 3) > getCost(choice2) )
        -:  839:	{
    #####:  840:	  return -1;
        -:  841:	}
        -:  842:
    #####:  843:      gainCard(choice2, state, 2, currentPlayer);
        -:  844:
        -:  845:      //discard card from hand
    #####:  846:      discardCard(handPos, currentPlayer, state, 0);
        -:  847:
        -:  848:      //discard trashed card
    #####:  849:      for (i = 0; i < state->handCount[currentPlayer]; i++)
        -:  850:	{
    #####:  851:	  if (state->hand[currentPlayer][i] == j)
        -:  852:	    {
    #####:  853:	      discardCard(i, currentPlayer, state, 0);			
    #####:  854:	      break;
        -:  855:	    }
        -:  856:	}
        -:  857:			
    #####:  858:      return 0;
        -:  859:			
        -:  860:    case remodel:
    #####:  861:      j = state->hand[currentPlayer][choice1];  //store card we will trash
        -:  862:
    #####:  863:      if ( (getCost(state->hand[currentPlayer][choice1]) + 2) > getCost(choice2) )
        -:  864:	{
    #####:  865:	  return -1;
        -:  866:	}
        -:  867:
    #####:  868:      gainCard(choice2, state, 0, currentPlayer);
        -:  869:
        -:  870:      //discard card from hand
    #####:  871:      discardCard(handPos, currentPlayer, state, 0);
        -:  872:
        -:  873:      //discard trashed card
    #####:  874:      for (i = 0; i < state->handCount[currentPlayer]; i++)
        -:  875:	{
    #####:  876:	  if (state->hand[currentPlayer][i] == j)
        -:  877:	    {
    #####:  878:	      discardCard(i, currentPlayer, state, 0);			
    #####:  879:	      break;
        -:  880:	    }
        -:  881:	}
        -:  882:
        -:  883:
    #####:  884:      return 0;
        -:  885:		
        -:  886:    case smithy:
        3:  887:		Smithy(currentPlayer, state, handPos);// Calls Smithy Function
        -:  888:		
        -:  889:    case village:
      370:  890:		 Village(currentPlayer, state, handPos);// Calls Village Function
        -:  891:      
        -:  892:		
        -:  893:    case baron:
      524:  894:      state->numBuys++;//Increase buys by 1!
      524:  895:      if (choice1 > 0){//Boolean true or going to discard an estate
       84:  896:	int p = 0;//Iterator for hand!
       84:  897:	int card_not_discarded = 1;//Flag for discard set!
      336:  898:	while(card_not_discarded){
      168:  899:	  if (state->hand[currentPlayer][p] == estate){//Found an estate card!
       84:  900:	    state->coins += 4;//Add 4 coins to the amount of coins
       84:  901:	    state->discard[currentPlayer][state->discardCount[currentPlayer]] = state->hand[currentPlayer][p];
       84:  902:	    state->discardCount[currentPlayer]++;
      420:  903:	    for (;p < state->handCount[currentPlayer]; p++){
      336:  904:	      state->hand[currentPlayer][p] = state->hand[currentPlayer][p+1];
        -:  905:	    }
       84:  906:	    state->hand[currentPlayer][state->handCount[currentPlayer]] = -1;
       84:  907:	    state->handCount[currentPlayer]--;
       84:  908:	    card_not_discarded = 0;//Exit the loop
        -:  909:	  }
       84:  910:	  else if (p > state->handCount[currentPlayer]){
        -:  911:	    if(DEBUG) {
        -:  912:	      printf("No estate cards in your hand, invalid choice\n");
        -:  913:	      printf("Must gain an estate if there are any\n");
        -:  914:	    }
    #####:  915:	    if (supplyCount(estate, state) > 0){
    #####:  916:	      gainCard(estate, state, 0, currentPlayer);
    #####:  917:	      state->supplyCount[estate]--;//Decrement estates
    #####:  918:	      if (supplyCount(estate, state) == 0){
    #####:  919:		isGameOver(state);
        -:  920:	      }
        -:  921:	    }
    #####:  922:	    card_not_discarded = 0;//Exit the loop
        -:  923:	  }
        -:  924:			    
        -:  925:	  else{
       84:  926:	    p++;//Next card
        -:  927:	  }
        -:  928:	}
        -:  929:      }
        -:  930:			    
        -:  931:      else{
      440:  932:	if (supplyCount(estate, state) > 0){
      440:  933:	  gainCard(estate, state, 0, currentPlayer);//Gain an estate
      440:  934:	  state->supplyCount[estate]--;//Decrement Estates
      440:  935:	  if (supplyCount(estate, state) == 0){
    #####:  936:	    isGameOver(state);
        -:  937:	  }
        -:  938:	}
        -:  939:      }
        -:  940:	    
        -:  941:      
      524:  942:      return 0;
        -:  943:		
        -:  944:    case great_hall:
        1:  945:		Great_Hall(currentPlayer, state, handPos);// Calls Great_Hall Function
        -:  946:     		
        -:  947:    case minion:
        -:  948:      //+1 action
        1:  949:      state->numActions++;
        -:  950:			
        -:  951:      //discard card from hand
        1:  952:      discardCard(handPos, currentPlayer, state, 0);
        -:  953:			
        1:  954:      if (choice1)		//+2 coins
        -:  955:	{
    #####:  956:	  state->coins = state->coins + 2;
        -:  957:	}
        -:  958:			
        1:  959:      else if (choice2)		//discard hand, redraw 4, other players with 5+ cards discard hand and draw 4
        -:  960:	{
        -:  961:	  //discard hand
    #####:  962:	  while(numHandCards(state) > 0)
        -:  963:	    {
    #####:  964:	      discardCard(handPos, currentPlayer, state, 0);
        -:  965:	    }
        -:  966:				
        -:  967:	  //draw 4
    #####:  968:	  for (i = 0; i < 4; i++)
        -:  969:	    {
    #####:  970:	      drawCard(currentPlayer, state);
        -:  971:	    }
        -:  972:				
        -:  973:	  //other players discard hand and redraw if hand size > 4
    #####:  974:	  for (i = 0; i < state->numPlayers; i++)
        -:  975:	    {
    #####:  976:	      if (i != currentPlayer)
        -:  977:		{
    #####:  978:		  if ( state->handCount[i] > 4 )
        -:  979:		    {
        -:  980:		      //discard hand
    #####:  981:		      while( state->handCount[i] > 0 )
        -:  982:			{
    #####:  983:			  discardCard(handPos, i, state, 0);
        -:  984:			}
        -:  985:							
        -:  986:		      //draw 4
    #####:  987:		      for (j = 0; j < 4; j++)
        -:  988:			{
    #####:  989:			  drawCard(i, state);
        -:  990:			}
        -:  991:		    }
        -:  992:		}
        -:  993:	    }
        -:  994:				
        -:  995:	}
        1:  996:      return 0;
        -:  997:		
        -:  998:    case steward:
    #####:  999:      if (choice1 == 1)
        -: 1000:	{
        -: 1001:	  //+2 cards
    #####: 1002:	  drawCard(currentPlayer, state);
    #####: 1003:	  drawCard(currentPlayer, state);
        -: 1004:	}
    #####: 1005:      else if (choice1 == 2)
        -: 1006:	{
        -: 1007:	  //+2 coins
    #####: 1008:	  state->coins = state->coins + 2;
        -: 1009:	}
        -: 1010:      else
        -: 1011:	{
        -: 1012:	  //trash 2 cards in hand
    #####: 1013:	  discardCard(choice2, currentPlayer, state, 1);
    #####: 1014:	  discardCard(choice3, currentPlayer, state, 1);
        -: 1015:	}
        -: 1016:			
        -: 1017:      //discard card from hand
    #####: 1018:      discardCard(handPos, currentPlayer, state, 0);
    #####: 1019:      return 0;
        -: 1020:		
        -: 1021:    case tribute:
    #####: 1022:      if ((state->discardCount[nextPlayer] + state->deckCount[nextPlayer]) <= 1){
    #####: 1023:	if (state->deckCount[nextPlayer] > 0){
    #####: 1024:	  tributeRevealedCards[0] = state->deck[nextPlayer][state->deckCount[nextPlayer]-1];
    #####: 1025:	  state->deckCount[nextPlayer]--;
        -: 1026:	}
    #####: 1027:	else if (state->discardCount[nextPlayer] > 0){
    #####: 1028:	  tributeRevealedCards[0] = state->discard[nextPlayer][state->discardCount[nextPlayer]-1];
    #####: 1029:	  state->discardCount[nextPlayer]--;
        -: 1030:	}
        -: 1031:	else{
        -: 1032:	  //No Card to Reveal
        -: 1033:	  if (DEBUG){
        -: 1034:	    printf("No cards to reveal\n");
        -: 1035:	  }
        -: 1036:	}
        -: 1037:      }
        -: 1038:	    
        -: 1039:      else{
    #####: 1040:	if (state->deckCount[nextPlayer] == 0){
    #####: 1041:	  for (i = 0; i < state->discardCount[nextPlayer]; i++){
    #####: 1042:	    state->deck[nextPlayer][i] = state->discard[nextPlayer][i];//Move to deck
    #####: 1043:	    state->deckCount[nextPlayer]++;
    #####: 1044:	    state->discard[nextPlayer][i] = -1;
    #####: 1045:	    state->discardCount[nextPlayer]--;
        -: 1046:	  }
        -: 1047:			    
    #####: 1048:	  shuffle(nextPlayer,state);//Shuffle the deck
        -: 1049:	} 
    #####: 1050:	tributeRevealedCards[0] = state->deck[nextPlayer][state->deckCount[nextPlayer]-1];
    #####: 1051:	state->deck[nextPlayer][state->deckCount[nextPlayer]--] = -1;
    #####: 1052:	state->deckCount[nextPlayer]--;
    #####: 1053:	tributeRevealedCards[1] = state->deck[nextPlayer][state->deckCount[nextPlayer]-1];
    #####: 1054:	state->deck[nextPlayer][state->deckCount[nextPlayer]--] = -1;
    #####: 1055:	state->deckCount[nextPlayer]--;
        -: 1056:      }    
        -: 1057:		       
    #####: 1058:      if (tributeRevealedCards[0] == tributeRevealedCards[1]){//If we have a duplicate card, just drop one 
    #####: 1059:	state->playedCards[state->playedCardCount] = tributeRevealedCards[1];
    #####: 1060:	state->playedCardCount++;
    #####: 1061:	tributeRevealedCards[1] = -1;
        -: 1062:      }
        -: 1063:
    #####: 1064:      for (i = 0; i <= 2; i ++){
    #####: 1065:	if (tributeRevealedCards[i] == copper || tributeRevealedCards[i] == silver || tributeRevealedCards[i] == gold){//Treasure cards
    #####: 1066:	  state->coins += 2;
        -: 1067:	}
        -: 1068:		    
    #####: 1069:	else if (tributeRevealedCards[i] == estate || tributeRevealedCards[i] == duchy || tributeRevealedCards[i] == province || tributeRevealedCards[i] == gardens || tributeRevealedCards[i] == great_hall){//Victory Card Found
    #####: 1070:	  drawCard(currentPlayer, state);
    #####: 1071:	  drawCard(currentPlayer, state);
        -: 1072:	}
        -: 1073:	else{//Action Card
    #####: 1074:	  state->numActions = state->numActions + 2;
        -: 1075:	}
        -: 1076:      }
        -: 1077:	    
    #####: 1078:      return 0;
        -: 1079:		
        -: 1080:    case ambassador:
    #####: 1081:      j = 0;		//used to check if player has enough cards to discard
        -: 1082:
    #####: 1083:      if (choice2 > 2 || choice2 < 0)
        -: 1084:	{
    #####: 1085:	  return -1;				
        -: 1086:	}
        -: 1087:
    #####: 1088:      if (choice1 == handPos)
        -: 1089:	{
    #####: 1090:	  return -1;
        -: 1091:	}
        -: 1092:
    #####: 1093:      for (i = 0; i < state->handCount[currentPlayer]; i++)
        -: 1094:	{
    #####: 1095:	  if (i != handPos && i == state->hand[currentPlayer][choice1] && i != choice1)
        -: 1096:	    {
    #####: 1097:	      j++;
        -: 1098:	    }
        -: 1099:	}
    #####: 1100:      if (j < choice2)
        -: 1101:	{
    #####: 1102:	  return -1;				
        -: 1103:	}
        -: 1104:
        -: 1105:      if (DEBUG) 
        -: 1106:	printf("Player %d reveals card number: %d\n", currentPlayer, state->hand[currentPlayer][choice1]);
        -: 1107:
        -: 1108:      //increase supply count for choosen card by amount being discarded
    #####: 1109:      state->supplyCount[state->hand[currentPlayer][choice1]] += choice2;
        -: 1110:			
        -: 1111:      //each other player gains a copy of revealed card
    #####: 1112:      for (i = 0; i < state->numPlayers; i++)
        -: 1113:	{
    #####: 1114:	  if (i != currentPlayer)
        -: 1115:	    {
    #####: 1116:	      gainCard(state->hand[currentPlayer][choice1], state, 0, i);
        -: 1117:	    }
        -: 1118:	}
        -: 1119:
        -: 1120:      //discard played card from hand
    #####: 1121:      discardCard(handPos, currentPlayer, state, 0);			
        -: 1122:
        -: 1123:      //trash copies of cards returned to supply
    #####: 1124:      for (j = 0; j < choice2; j++)
        -: 1125:	{
    #####: 1126:	  for (i = 0; i < state->handCount[currentPlayer]; i++)
        -: 1127:	    {
    #####: 1128:	      if (state->hand[currentPlayer][i] == state->hand[currentPlayer][choice1])
        -: 1129:		{
    #####: 1130:		  discardCard(i, currentPlayer, state, 1);
    #####: 1131:		  break;
        -: 1132:		}
        -: 1133:	    }
        -: 1134:	}			
        -: 1135:
    #####: 1136:      return 0;
        -: 1137:		
        -: 1138:    case cutpurse:
        -: 1139:
    #####: 1140:      updateCoins(currentPlayer, state, 2);
    #####: 1141:      for (i = 0; i < state->numPlayers; i++)
        -: 1142:	{
    #####: 1143:	  if (i != currentPlayer)
        -: 1144:	    {
    #####: 1145:	      for (j = 0; j < state->handCount[i]; j++)
        -: 1146:		{
    #####: 1147:		  if (state->hand[i][j] == copper)
        -: 1148:		    {
    #####: 1149:		      discardCard(j, i, state, 0);
    #####: 1150:		      break;
        -: 1151:		    }
    #####: 1152:		  if (j == state->handCount[i])
        -: 1153:		    {
    #####: 1154:		      for (k = 0; k < state->handCount[i]; k++)
        -: 1155:			{
        -: 1156:			  if (DEBUG)
        -: 1157:			    printf("Player %d reveals card number %d\n", i, state->hand[i][k]);
        -: 1158:			}	
    #####: 1159:		      break;
        -: 1160:		    }		
        -: 1161:		}
        -: 1162:					
        -: 1163:	    }
        -: 1164:				
        -: 1165:	}				
        -: 1166:
        -: 1167:      //discard played card from hand
    #####: 1168:      discardCard(handPos, currentPlayer, state, 0);			
        -: 1169:
    #####: 1170:      return 0;
        -: 1171:
        -: 1172:		
        -: 1173:    case embargo: 
        -: 1174:      //+2 Coins
    #####: 1175:      state->coins = state->coins + 2;
        -: 1176:			
        -: 1177:      //see if selected pile is in play
    #####: 1178:      if ( state->supplyCount[choice1] == -1 )
        -: 1179:	{
    #####: 1180:	  return -1;
        -: 1181:	}
        -: 1182:			
        -: 1183:      //add embargo token to selected supply pile
    #####: 1184:      state->embargoTokens[choice1]++;
        -: 1185:			
        -: 1186:      //trash card
    #####: 1187:      discardCard(handPos, currentPlayer, state, 1);		
    #####: 1188:      return 0;
        -: 1189:		
        -: 1190:    case outpost:
        -: 1191:      //set outpost flag
    #####: 1192:      state->outpostPlayed++;
        -: 1193:			
        -: 1194:      //discard card
    #####: 1195:      discardCard(handPos, currentPlayer, state, 0);
    #####: 1196:      return 0;
        -: 1197:		
        -: 1198:    case salvager:
        -: 1199:      //+1 buy
    #####: 1200:      state->numBuys++;
        -: 1201:			
    #####: 1202:      if (choice1)
        -: 1203:	{
        -: 1204:	  //gain coins equal to trashed card
    #####: 1205:	  state->coins = state->coins + getCost( handCard(choice1, state) );
        -: 1206:	  //trash card
    #####: 1207:	  discardCard(choice1, currentPlayer, state, 1);	
        -: 1208:	}
        -: 1209:			
        -: 1210:      //discard card
    #####: 1211:      discardCard(handPos, currentPlayer, state, 0);
    #####: 1212:      return 0;
        -: 1213:		
        -: 1214:    case sea_hag:
    #####: 1215:      for (i = 0; i < state->numPlayers; i++){
    #####: 1216:	if (i != currentPlayer){
    #####: 1217:	  state->discard[i][state->discardCount[i]] = state->deck[i][state->deckCount[i]--];			    state->deckCount[i]--;
    #####: 1218:	  state->discardCount[i]++;
    #####: 1219:	  state->deck[i][state->deckCount[i]--] = curse;//Top card now a curse
        -: 1220:	}
        -: 1221:      }
    #####: 1222:      return 0;
        -: 1223:		
        -: 1224:    case treasure_map:
        -: 1225:      //search hand for another treasure_map
    #####: 1226:      index = -1;
    #####: 1227:      for (i = 0; i < state->handCount[currentPlayer]; i++)
        -: 1228:	{
    #####: 1229:	  if (state->hand[currentPlayer][i] == treasure_map && i != handPos)
        -: 1230:	    {
    #####: 1231:	      index = i;
    #####: 1232:	      break;
        -: 1233:	    }
        -: 1234:	}
    #####: 1235:      if (index > -1)
        -: 1236:	{
        -: 1237:	  //trash both treasure cards
    #####: 1238:	  discardCard(handPos, currentPlayer, state, 1);
    #####: 1239:	  discardCard(index, currentPlayer, state, 1);
        -: 1240:
        -: 1241:	  //gain 4 Gold cards
    #####: 1242:	  for (i = 0; i < 4; i++)
        -: 1243:	    {
    #####: 1244:	      gainCard(gold, state, 1, currentPlayer);
        -: 1245:	    }
        -: 1246:				
        -: 1247:	  //return success
    #####: 1248:	  return 1;
        -: 1249:	}
        -: 1250:			
        -: 1251:      //no second treasure_map found in hand
    #####: 1252:      return -1;
        -: 1253:    }
        -: 1254:	
    #####: 1255:  return -1;
        -: 1256:}
        -: 1257:
      565: 1258:int discardCard(int handPos, int currentPlayer, struct gameState *state, int trashFlag)
        -: 1259:{
        -: 1260:	
        -: 1261:  //if card is not trashed, added to Played pile 
      565: 1262:  if (trashFlag < 1)
        -: 1263:    {
        -: 1264:      //add card to played pile
      560: 1265:      state->playedCards[state->playedCardCount] = state->hand[currentPlayer][handPos]; 
      560: 1266:      state->playedCardCount++;
        -: 1267:    }
        -: 1268:	
        -: 1269:  //set played card to -1
      565: 1270:  state->hand[currentPlayer][handPos] = -1;
        -: 1271:	
        -: 1272:  //remove card from player's hand
      565: 1273:  if ( handPos == (state->handCount[currentPlayer] - 1) ) 	//last card in hand array is played
        -: 1274:    {
        -: 1275:      //reduce number of cards in hand
    #####: 1276:      state->handCount[currentPlayer]--;
        -: 1277:    }
      565: 1278:  else if ( state->handCount[currentPlayer] == 1 ) //only one card in hand
        -: 1279:    {
        -: 1280:      //reduce number of cards in hand
    #####: 1281:      state->handCount[currentPlayer]--;
        -: 1282:    }
        -: 1283:  else 	
        -: 1284:    {
        -: 1285:      //replace discarded card with last card in hand
      565: 1286:      state->hand[currentPlayer][handPos] = state->hand[currentPlayer][ (state->handCount[currentPlayer] - 1)];
        -: 1287:      //set last card to -1
      565: 1288:      state->hand[currentPlayer][state->handCount[currentPlayer] - 1] = -1;
        -: 1289:      //reduce number of cards in hand
      565: 1290:      state->handCount[currentPlayer]--;
        -: 1291:    }
        -: 1292:	
      565: 1293:  return 0;
        -: 1294:}
        -: 1295:
      625: 1296:int gainCard(int supplyPos, struct gameState *state, int toFlag, int player)
        -: 1297:{
        -: 1298:  //Note: supplyPos is enum of choosen card
        -: 1299:	
        -: 1300:  //check if supply pile is empty (0) or card is not used in game (-1)
      625: 1301:  if ( supplyCount(supplyPos, state) < 1 )
        -: 1302:    {
    #####: 1303:      return -1;
        -: 1304:    }
        -: 1305:	
        -: 1306:  //added card for [whoseTurn] current player:
        -: 1307:  // toFlag = 0 : add to discard
        -: 1308:  // toFlag = 1 : add to deck
        -: 1309:  // toFlag = 2 : add to hand
        -: 1310:
      625: 1311:  if (toFlag == 1)
        -: 1312:    {
    #####: 1313:      state->deck[ player ][ state->deckCount[player] ] = supplyPos;
    #####: 1314:      state->deckCount[player]++;
        -: 1315:    }
      625: 1316:  else if (toFlag == 2)
        -: 1317:    {
    #####: 1318:      state->hand[ player ][ state->handCount[player] ] = supplyPos;
    #####: 1319:      state->handCount[player]++;
        -: 1320:    }
        -: 1321:  else
        -: 1322:    {
      625: 1323:      state->discard[player][ state->discardCount[player] ] = supplyPos;
      625: 1324:      state->discardCount[player]++;
        -: 1325:    }
        -: 1326:	
        -: 1327:  //decrease number in supply pile
      625: 1328:  state->supplyCount[supplyPos]--;
        -: 1329:	 
      625: 1330:  return 0;
        -: 1331:}
        -: 1332:
      731: 1333:int updateCoins(int player, struct gameState *state, int bonus)
        -: 1334:{
        -: 1335:  int i;
        -: 1336:	
        -: 1337:  //reset coin count
      731: 1338:  state->coins = 0;
        -: 1339:
        -: 1340:  //add coins for each Treasure card in player's hand
     5216: 1341:  for (i = 0; i < state->handCount[player]; i++)
        -: 1342:    {
     4485: 1343:      if (state->hand[player][i] == copper)
        -: 1344:	{
     2181: 1345:	  state->coins += 1;
        -: 1346:	}
     2304: 1347:      else if (state->hand[player][i] == silver)
        -: 1348:	{
    #####: 1349:	  state->coins += 2;
        -: 1350:	}
     2304: 1351:      else if (state->hand[player][i] == gold)
        -: 1352:	{
    #####: 1353:	  state->coins += 3;
        -: 1354:	}	
        -: 1355:    }	
        -: 1356:
        -: 1357:  //add bonus
      731: 1358:  state->coins += bonus;
        -: 1359:
      731: 1360:  return 0;
        -: 1361:}
        -: 1362:
        -: 1363:
        -: 1364:
        -: 1365://end of dominion.c
        -: 1366:
        -: 1367:
